<?xml version="1.0" encoding="UTF-8"?>
<testsuites>
  <testsuite name="C:\laragon\www\perpus_ukk_12\phpunit.xml" tests="48" assertions="143" errors="1" failures="0" skipped="0" time="2.635857">
    <testsuite name="Unit" tests="4" assertions="6" errors="0" failures="0" skipped="0" time="0.352609">
      <testsuite name="Tests\Unit\BorrowingLogicTest" file="C:\laragon\www\perpus_ukk_12\tests\Unit\BorrowingLogicTest.php" tests="3" assertions="5" errors="0" failures="0" skipped="0" time="0.325229">
        <testcase name="fine_is_calculated_correctly_when_late" file="C:\laragon\www\perpus_ukk_12\tests\Unit\BorrowingLogicTest.php" line="18" class="Tests\Unit\BorrowingLogicTest" classname="Tests.Unit.BorrowingLogicTest" assertions="2" time="0.277999"/>
        <testcase name="no_fine_when_returned_on_time" file="C:\laragon\www\perpus_ukk_12\tests\Unit\BorrowingLogicTest.php" line="65" class="Tests\Unit\BorrowingLogicTest" classname="Tests.Unit.BorrowingLogicTest" assertions="2" time="0.024814"/>
        <testcase name="stock_increases_when_book_is_returned" file="C:\laragon\www\perpus_ukk_12\tests\Unit\BorrowingLogicTest.php" line="107" class="Tests\Unit\BorrowingLogicTest" classname="Tests.Unit.BorrowingLogicTest" assertions="1" time="0.022416"/>
      </testsuite>
      <testsuite name="Tests\Unit\ExampleTest" file="C:\laragon\www\perpus_ukk_12\tests\Unit\ExampleTest.php" tests="1" assertions="1" errors="0" failures="0" skipped="0" time="0.027380">
        <testcase name="test_that_true_is_true" file="C:\laragon\www\perpus_ukk_12\tests\Unit\ExampleTest.php" line="12" class="Tests\Unit\ExampleTest" classname="Tests.Unit.ExampleTest" assertions="1" time="0.027380"/>
      </testsuite>
    </testsuite>
    <testsuite name="Feature" tests="44" assertions="137" errors="1" failures="0" skipped="0" time="2.283247">
      <testsuite name="Tests\Feature\Auth\AuthenticationTest" file="C:\laragon\www\perpus_ukk_12\tests\Feature\Auth\AuthenticationTest.php" tests="6" assertions="13" errors="0" failures="0" skipped="0" time="0.219441">
        <testcase name="test_login_screen_can_be_rendered" file="C:\laragon\www\perpus_ukk_12\tests\Feature\Auth\AuthenticationTest.php" line="15" class="Tests\Feature\Auth\AuthenticationTest" classname="Tests.Feature.Auth.AuthenticationTest" assertions="1" time="0.058583"/>
        <testcase name="test_users_can_authenticate_using_the_login_screen" file="C:\laragon\www\perpus_ukk_12\tests\Feature\Auth\AuthenticationTest.php" line="22" class="Tests\Feature\Auth\AuthenticationTest" classname="Tests.Feature.Auth.AuthenticationTest" assertions="3" time="0.046467"/>
        <testcase name="test_users_with_two_factor_enabled_are_redirected_to_two_factor_challenge" file="C:\laragon\www\perpus_ukk_12\tests\Feature\Auth\AuthenticationTest.php" line="35" class="Tests\Feature\Auth\AuthenticationTest" classname="Tests.Feature.Auth.AuthenticationTest" assertions="4" time="0.034224"/>
        <testcase name="test_users_can_not_authenticate_with_invalid_password" file="C:\laragon\www\perpus_ukk_12\tests\Feature\Auth\AuthenticationTest.php" line="64" class="Tests\Feature\Auth\AuthenticationTest" classname="Tests.Feature.Auth.AuthenticationTest" assertions="1" time="0.036004"/>
        <testcase name="test_users_can_logout" file="C:\laragon\www\perpus_ukk_12\tests\Feature\Auth\AuthenticationTest.php" line="76" class="Tests\Feature\Auth\AuthenticationTest" classname="Tests.Feature.Auth.AuthenticationTest" assertions="3" time="0.025815"/>
        <testcase name="test_users_are_rate_limited" file="C:\laragon\www\perpus_ukk_12\tests\Feature\Auth\AuthenticationTest.php" line="86" class="Tests\Feature\Auth\AuthenticationTest" classname="Tests.Feature.Auth.AuthenticationTest" assertions="1" time="0.018348"/>
      </testsuite>
      <testsuite name="Tests\Feature\Auth\EmailVerificationTest" file="C:\laragon\www\perpus_ukk_12\tests\Feature\Auth\EmailVerificationTest.php" tests="6" assertions="16" errors="0" failures="0" skipped="0" time="0.205415">
        <testcase name="test_email_verification_screen_can_be_rendered" file="C:\laragon\www\perpus_ukk_12\tests\Feature\Auth\EmailVerificationTest.php" line="16" class="Tests\Feature\Auth\EmailVerificationTest" classname="Tests.Feature.Auth.EmailVerificationTest" assertions="1" time="0.032946"/>
        <testcase name="test_email_can_be_verified" file="C:\laragon\www\perpus_ukk_12\tests\Feature\Auth\EmailVerificationTest.php" line="25" class="Tests\Feature\Auth\EmailVerificationTest" classname="Tests.Feature.Auth.EmailVerificationTest" assertions="4" time="0.041116"/>
        <testcase name="test_email_is_not_verified_with_invalid_hash" file="C:\laragon\www\perpus_ukk_12\tests\Feature\Auth\EmailVerificationTest.php" line="44" class="Tests\Feature\Auth\EmailVerificationTest" classname="Tests.Feature.Auth.EmailVerificationTest" assertions="2" time="0.041603"/>
        <testcase name="test_email_is_not_verified_with_invalid_user_id" file="C:\laragon\www\perpus_ukk_12\tests\Feature\Auth\EmailVerificationTest.php" line="62" class="Tests\Feature\Auth\EmailVerificationTest" classname="Tests.Feature.Auth.EmailVerificationTest" assertions="2" time="0.034097"/>
        <testcase name="test_verified_user_is_redirected_to_dashboard_from_verification_prompt" file="C:\laragon\www\perpus_ukk_12\tests\Feature\Auth\EmailVerificationTest.php" line="80" class="Tests\Feature\Auth\EmailVerificationTest" classname="Tests.Feature.Auth.EmailVerificationTest" assertions="3" time="0.029660"/>
        <testcase name="test_already_verified_user_visiting_verification_link_is_redirected_without_firing_event_again" file="C:\laragon\www\perpus_ukk_12\tests\Feature\Auth\EmailVerificationTest.php" line="92" class="Tests\Feature\Auth\EmailVerificationTest" classname="Tests.Feature.Auth.EmailVerificationTest" assertions="4" time="0.025993"/>
      </testsuite>
      <testsuite name="Tests\Feature\Auth\PasswordConfirmationTest" file="C:\laragon\www\perpus_ukk_12\tests\Feature\Auth\PasswordConfirmationTest.php" tests="2" assertions="12" errors="0" failures="0" skipped="0" time="0.120722">
        <testcase name="test_confirm_password_screen_can_be_rendered" file="C:\laragon\www\perpus_ukk_12\tests\Feature\Auth\PasswordConfirmationTest.php" line="14" class="Tests\Feature\Auth\PasswordConfirmationTest" classname="Tests.Feature.Auth.PasswordConfirmationTest" assertions="10" time="0.081614"/>
        <testcase name="test_password_confirmation_requires_authentication" file="C:\laragon\www\perpus_ukk_12\tests\Feature\Auth\PasswordConfirmationTest.php" line="27" class="Tests\Feature\Auth\PasswordConfirmationTest" classname="Tests.Feature.Auth.PasswordConfirmationTest" assertions="2" time="0.039109"/>
      </testsuite>
      <testsuite name="Tests\Feature\Auth\PasswordResetTest" file="C:\laragon\www\perpus_ukk_12\tests\Feature\Auth\PasswordResetTest.php" tests="5" assertions="10" errors="0" failures="0" skipped="0" time="1.001531">
        <testcase name="test_reset_password_link_screen_can_be_rendered" file="C:\laragon\www\perpus_ukk_12\tests\Feature\Auth\PasswordResetTest.php" line="15" class="Tests\Feature\Auth\PasswordResetTest" classname="Tests.Feature.Auth.PasswordResetTest" assertions="1" time="0.026380"/>
        <testcase name="test_reset_password_link_can_be_requested" file="C:\laragon\www\perpus_ukk_12\tests\Feature\Auth\PasswordResetTest.php" line="22" class="Tests\Feature\Auth\PasswordResetTest" classname="Tests.Feature.Auth.PasswordResetTest" assertions="1" time="0.260037"/>
        <testcase name="test_reset_password_screen_can_be_rendered" file="C:\laragon\www\perpus_ukk_12\tests\Feature\Auth\PasswordResetTest.php" line="33" class="Tests\Feature\Auth\PasswordResetTest" classname="Tests.Feature.Auth.PasswordResetTest" assertions="2" time="0.238106"/>
        <testcase name="test_password_can_be_reset_with_valid_token" file="C:\laragon\www\perpus_ukk_12\tests\Feature\Auth\PasswordResetTest.php" line="50" class="Tests\Feature\Auth\PasswordResetTest" classname="Tests.Feature.Auth.PasswordResetTest" assertions="4" time="0.242348"/>
        <testcase name="test_password_cannot_be_reset_with_invalid_token" file="C:\laragon\www\perpus_ukk_12\tests\Feature\Auth\PasswordResetTest.php" line="74" class="Tests\Feature\Auth\PasswordResetTest" classname="Tests.Feature.Auth.PasswordResetTest" assertions="2" time="0.234660"/>
      </testsuite>
      <testsuite name="Tests\Feature\Auth\RegistrationTest" file="C:\laragon\www\perpus_ukk_12\tests\Feature\Auth\RegistrationTest.php" tests="2" assertions="4" errors="0" failures="0" skipped="0" time="0.067694">
        <testcase name="test_registration_screen_can_be_rendered" file="C:\laragon\www\perpus_ukk_12\tests\Feature\Auth\RegistrationTest.php" line="12" class="Tests\Feature\Auth\RegistrationTest" classname="Tests.Feature.Auth.RegistrationTest" assertions="1" time="0.022700"/>
        <testcase name="test_new_users_can_register" file="C:\laragon\www\perpus_ukk_12\tests\Feature\Auth\RegistrationTest.php" line="19" class="Tests\Feature\Auth\RegistrationTest" classname="Tests.Feature.Auth.RegistrationTest" assertions="3" time="0.044994"/>
      </testsuite>
      <testsuite name="Tests\Feature\Auth\TwoFactorChallengeTest" file="C:\laragon\www\perpus_ukk_12\tests\Feature\Auth\TwoFactorChallengeTest.php" tests="2" assertions="12" errors="0" failures="0" skipped="0" time="0.070265">
        <testcase name="test_two_factor_challenge_redirects_to_login_when_not_authenticated" file="C:\laragon\www\perpus_ukk_12\tests\Feature\Auth\TwoFactorChallengeTest.php" line="15" class="Tests\Feature\Auth\TwoFactorChallengeTest" classname="Tests.Feature.Auth.TwoFactorChallengeTest" assertions="2" time="0.037266"/>
        <testcase name="test_two_factor_challenge_can_be_rendered" file="C:\laragon\www\perpus_ukk_12\tests\Feature\Auth\TwoFactorChallengeTest.php" line="26" class="Tests\Feature\Auth\TwoFactorChallengeTest" classname="Tests.Feature.Auth.TwoFactorChallengeTest" assertions="10" time="0.032999"/>
      </testsuite>
      <testsuite name="Tests\Feature\Auth\VerificationNotificationTest" file="C:\laragon\www\perpus_ukk_12\tests\Feature\Auth\VerificationNotificationTest.php" tests="2" assertions="6" errors="0" failures="0" skipped="0" time="0.051582">
        <testcase name="test_sends_verification_notification" file="C:\laragon\www\perpus_ukk_12\tests\Feature\Auth\VerificationNotificationTest.php" line="15" class="Tests\Feature\Auth\VerificationNotificationTest" classname="Tests.Feature.Auth.VerificationNotificationTest" assertions="3" time="0.027623"/>
        <testcase name="test_does_not_send_verification_notification_if_email_is_verified" file="C:\laragon\www\perpus_ukk_12\tests\Feature\Auth\VerificationNotificationTest.php" line="28" class="Tests\Feature\Auth\VerificationNotificationTest" classname="Tests.Feature.Auth.VerificationNotificationTest" assertions="3" time="0.023960"/>
      </testsuite>
      <testsuite name="Tests\Feature\BorrowingTest" file="C:\laragon\www\perpus_ukk_12\tests\Feature\BorrowingTest.php" tests="4" assertions="5" errors="1" failures="0" skipped="0" time="0.113860">
        <testcase name="stock_decreases_when_book_is_borrowed_by_student" file="C:\laragon\www\perpus_ukk_12\tests\Feature\BorrowingTest.php" line="31" class="Tests\Feature\BorrowingTest" classname="Tests.Feature.BorrowingTest" assertions="1" time="0.034947"/>
        <testcase name="stock_does_not_increase_until_return_is_approved" file="C:\laragon\www\perpus_ukk_12\tests\Feature\BorrowingTest.php" line="73" class="Tests\Feature\BorrowingTest" classname="Tests.Feature.BorrowingTest" assertions="0" time="0.035690">
          <error type="Illuminate\Database\QueryException">Tests\Feature\BorrowingTest::stock_does_not_increase_until_return_is_approved&#13;
Illuminate\Database\QueryException: SQLSTATE[23000]: Integrity constraint violation: 19 CHECK constraint failed: status (Connection: sqlite, Database: :memory:, SQL: update "borrowings" set "status" = menunggu_pengembalian, "return_requested_at" = 2026-04-09 07:08:36, "updated_at" = 2026-04-09 07:08:36 where "id" = 1)
&#13;
C:\laragon\www\perpus_ukk_12\vendor\laravel\framework\src\Illuminate\Database\Connection.php:838
C:\laragon\www\perpus_ukk_12\vendor\laravel\framework\src\Illuminate\Database\Connection.php:794
C:\laragon\www\perpus_ukk_12\vendor\laravel\framework\src\Illuminate\Database\Connection.php:597
C:\laragon\www\perpus_ukk_12\vendor\laravel\framework\src\Illuminate\Database\Connection.php:549
C:\laragon\www\perpus_ukk_12\vendor\laravel\framework\src\Illuminate\Database\Query\Builder.php:4115
C:\laragon\www\perpus_ukk_12\vendor\laravel\framework\src\Illuminate\Database\Eloquent\Builder.php:1266
C:\laragon\www\perpus_ukk_12\vendor\laravel\framework\src\Illuminate\Database\Eloquent\Model.php:1316
C:\laragon\www\perpus_ukk_12\vendor\laravel\framework\src\Illuminate\Database\Eloquent\Model.php:1233
C:\laragon\www\perpus_ukk_12\app\Models\Borrowing.php:99
C:\laragon\www\perpus_ukk_12\tests\Feature\BorrowingTest.php:113</error>
        </testcase>
        <testcase name="fine_is_calculated_correctly_when_late" file="C:\laragon\www\perpus_ukk_12\tests\Feature\BorrowingTest.php" line="125" class="Tests\Feature\BorrowingTest" classname="Tests.Feature.BorrowingTest" assertions="2" time="0.019691"/>
        <testcase name="no_fine_when_returned_on_time" file="C:\laragon\www\perpus_ukk_12\tests\Feature\BorrowingTest.php" line="169" class="Tests\Feature\BorrowingTest" classname="Tests.Feature.BorrowingTest" assertions="2" time="0.023532"/>
      </testsuite>
      <testsuite name="Tests\Feature\DashboardTest" file="C:\laragon\www\perpus_ukk_12\tests\Feature\DashboardTest.php" tests="2" assertions="4" errors="0" failures="0" skipped="0" time="0.050482">
        <testcase name="test_guests_are_redirected_to_the_login_page" file="C:\laragon\www\perpus_ukk_12\tests\Feature\DashboardTest.php" line="13" class="Tests\Feature\DashboardTest" classname="Tests.Feature.DashboardTest" assertions="2" time="0.024097"/>
        <testcase name="test_authenticated_users_are_redirected_based_on_role" file="C:\laragon\www\perpus_ukk_12\tests\Feature\DashboardTest.php" line="19" class="Tests\Feature\DashboardTest" classname="Tests.Feature.DashboardTest" assertions="2" time="0.026385"/>
      </testsuite>
      <testsuite name="Tests\Feature\ExampleTest" file="C:\laragon\www\perpus_ukk_12\tests\Feature\ExampleTest.php" tests="1" assertions="1" errors="0" failures="0" skipped="0" time="0.025362">
        <testcase name="test_returns_a_successful_response" file="C:\laragon\www\perpus_ukk_12\tests\Feature\ExampleTest.php" line="12" class="Tests\Feature\ExampleTest" classname="Tests.Feature.ExampleTest" assertions="1" time="0.025362"/>
      </testsuite>
      <testsuite name="Tests\Feature\Settings\PasswordUpdateTest" file="C:\laragon\www\perpus_ukk_12\tests\Feature\Settings\PasswordUpdateTest.php" tests="3" assertions="9" errors="0" failures="0" skipped="0" time="0.109387">
        <testcase name="test_password_update_page_is_displayed" file="C:\laragon\www\perpus_ukk_12\tests\Feature\Settings\PasswordUpdateTest.php" line="14" class="Tests\Feature\Settings\PasswordUpdateTest" classname="Tests.Feature.Settings.PasswordUpdateTest" assertions="1" time="0.047846"/>
        <testcase name="test_password_can_be_updated" file="C:\laragon\www\perpus_ukk_12\tests\Feature\Settings\PasswordUpdateTest.php" line="25" class="Tests\Feature\Settings\PasswordUpdateTest" classname="Tests.Feature.Settings.PasswordUpdateTest" assertions="4" time="0.037242"/>
        <testcase name="test_correct_password_must_be_provided_to_update_password" file="C:\laragon\www\perpus_ukk_12\tests\Feature\Settings\PasswordUpdateTest.php" line="45" class="Tests\Feature\Settings\PasswordUpdateTest" classname="Tests.Feature.Settings.PasswordUpdateTest" assertions="4" time="0.024300"/>
      </testsuite>
      <testsuite name="Tests\Feature\Settings\ProfileUpdateTest" file="C:\laragon\www\perpus_ukk_12\tests\Feature\Settings\ProfileUpdateTest.php" tests="5" assertions="21" errors="0" failures="0" skipped="0" time="0.173544">
        <testcase name="test_profile_page_is_displayed" file="C:\laragon\www\perpus_ukk_12\tests\Feature\Settings\ProfileUpdateTest.php" line="13" class="Tests\Feature\Settings\ProfileUpdateTest" classname="Tests.Feature.Settings.ProfileUpdateTest" assertions="1" time="0.052017"/>
        <testcase name="test_profile_information_can_be_updated" file="C:\laragon\www\perpus_ukk_12\tests\Feature\Settings\ProfileUpdateTest.php" line="24" class="Tests\Feature\Settings\ProfileUpdateTest" classname="Tests.Feature.Settings.ProfileUpdateTest" assertions="6" time="0.030645"/>
        <testcase name="test_email_verification_status_is_unchanged_when_the_email_address_is_unchanged" file="C:\laragon\www\perpus_ukk_12\tests\Feature\Settings\ProfileUpdateTest.php" line="46" class="Tests\Feature\Settings\ProfileUpdateTest" classname="Tests.Feature.Settings.ProfileUpdateTest" assertions="4" time="0.035795"/>
        <testcase name="test_user_can_delete_their_account" file="C:\laragon\www\perpus_ukk_12\tests\Feature\Settings\ProfileUpdateTest.php" line="64" class="Tests\Feature\Settings\ProfileUpdateTest" classname="Tests.Feature.Settings.ProfileUpdateTest" assertions="5" time="0.033667"/>
        <testcase name="test_correct_password_must_be_provided_to_delete_account" file="C:\laragon\www\perpus_ukk_12\tests\Feature\Settings\ProfileUpdateTest.php" line="82" class="Tests\Feature\Settings\ProfileUpdateTest" classname="Tests.Feature.Settings.ProfileUpdateTest" assertions="5" time="0.021420"/>
      </testsuite>
      <testsuite name="Tests\Feature\Settings\TwoFactorAuthenticationTest" file="C:\laragon\www\perpus_ukk_12\tests\Feature\Settings\TwoFactorAuthenticationTest.php" tests="4" assertions="24" errors="0" failures="0" skipped="0" time="0.073961">
        <testcase name="test_two_factor_settings_page_can_be_rendered" file="C:\laragon\www\perpus_ukk_12\tests\Feature\Settings\TwoFactorAuthenticationTest.php" line="15" class="Tests\Feature\Settings\TwoFactorAuthenticationTest" classname="Tests.Feature.Settings.TwoFactorAuthenticationTest" assertions="11" time="0.020526"/>
        <testcase name="test_two_factor_settings_page_requires_password_confirmation_when_enabled" file="C:\laragon\www\perpus_ukk_12\tests\Feature\Settings\TwoFactorAuthenticationTest.php" line="37" class="Tests\Feature\Settings\TwoFactorAuthenticationTest" classname="Tests.Feature.Settings.TwoFactorAuthenticationTest" assertions="2" time="0.016211"/>
        <testcase name="test_two_factor_settings_page_does_not_requires_password_confirmation_when_disabled" file="C:\laragon\www\perpus_ukk_12\tests\Feature\Settings\TwoFactorAuthenticationTest.php" line="56" class="Tests\Feature\Settings\TwoFactorAuthenticationTest" classname="Tests.Feature.Settings.TwoFactorAuthenticationTest" assertions="10" time="0.020634"/>
        <testcase name="test_two_factor_settings_page_returns_forbidden_response_when_two_factor_is_disabled" file="C:\laragon\www\perpus_ukk_12\tests\Feature\Settings\TwoFactorAuthenticationTest.php" line="77" class="Tests\Feature\Settings\TwoFactorAuthenticationTest" classname="Tests.Feature.Settings.TwoFactorAuthenticationTest" assertions="1" time="0.016590"/>
      </testsuite>
    </testsuite>
  </testsuite>
</testsuites>
